Determining if the pthread_create exist failed with the following output:
Change Dir: /home/om/catkin_ws/build/CMakeFiles/CMakeTmp

Run Build Command:"/usr/bin/make" "cmTC_a1bed/fast"
/usr/bin/make -f CMakeFiles/cmTC_a1bed.dir/build.make CMakeFiles/cmTC_a1bed.dir/build
make[1]: Entering directory '/home/om/catkin_ws/build/CMakeFiles/CMakeTmp'
Building C object CMakeFiles/cmTC_a1bed.dir/CheckSymbolExists.c.o
/usr/bin/cc    -o CMakeFiles/cmTC_a1bed.dir/CheckSymbolExists.c.o   -c /home/om/catkin_ws/build/CMakeFiles/CMakeTmp/CheckSymbolExists.c
Linking C executable cmTC_a1bed
/usr/bin/cmake -E cmake_link_script CMakeFiles/cmTC_a1bed.dir/link.txt --verbose=1
/usr/bin/cc      -rdynamic CMakeFiles/cmTC_a1bed.dir/CheckSymbolExists.c.o  -o cmTC_a1bed 
CMakeFiles/cmTC_a1bed.dir/CheckSymbolExists.c.o: In function `main':
CheckSymbolExists.c:(.text+0x1b): undefined reference to `pthread_create'
collect2: error: ld returned 1 exit status
CMakeFiles/cmTC_a1bed.dir/build.make:97: recipe for target 'cmTC_a1bed' failed
make[1]: *** [cmTC_a1bed] Error 1
make[1]: Leaving directory '/home/om/catkin_ws/build/CMakeFiles/CMakeTmp'
Makefile:126: recipe for target 'cmTC_a1bed/fast' failed
make: *** [cmTC_a1bed/fast] Error 2

File /home/om/catkin_ws/build/CMakeFiles/CMakeTmp/CheckSymbolExists.c:
/* */
#include <pthread.h>

int main(int argc, char** argv)
{
  (void)argv;
#ifndef pthread_create
  return ((int*)(&pthread_create))[argc];
#else
  (void)argc;
  return 0;
#endif
}

Determining if the function pthread_create exists in the pthreads failed with the following output:
Change Dir: /home/om/catkin_ws/build/CMakeFiles/CMakeTmp

Run Build Command:"/usr/bin/make" "cmTC_091dd/fast"
/usr/bin/make -f CMakeFiles/cmTC_091dd.dir/build.make CMakeFiles/cmTC_091dd.dir/build
make[1]: Entering directory '/home/om/catkin_ws/build/CMakeFiles/CMakeTmp'
Building C object CMakeFiles/cmTC_091dd.dir/CheckFunctionExists.c.o
/usr/bin/cc   -DCHECK_FUNCTION_EXISTS=pthread_create   -o CMakeFiles/cmTC_091dd.dir/CheckFunctionExists.c.o   -c /usr/share/cmake-3.10/Modules/CheckFunctionExists.c
Linking C executable cmTC_091dd
/usr/bin/cmake -E cmake_link_script CMakeFiles/cmTC_091dd.dir/link.txt --verbose=1
/usr/bin/cc  -DCHECK_FUNCTION_EXISTS=pthread_create    -rdynamic CMakeFiles/cmTC_091dd.dir/CheckFunctionExists.c.o  -o cmTC_091dd -lpthreads 
/usr/bin/ld: cannot find -lpthreads
collect2: error: ld returned 1 exit status
CMakeFiles/cmTC_091dd.dir/build.make:97: recipe for target 'cmTC_091dd' failed
make[1]: *** [cmTC_091dd] Error 1
make[1]: Leaving directory '/home/om/catkin_ws/build/CMakeFiles/CMakeTmp'
Makefile:126: recipe for target 'cmTC_091dd/fast' failed
make: *** [cmTC_091dd/fast] Error 2


Determining if the include file pgm.h exists failed with the following output:
Change Dir: /home/om/catkin_ws/build/CMakeFiles/CMakeTmp

Run Build Command:"/usr/bin/make" "cmTC_8a2df/fast"
make[1]: Entering directory '/home/om/catkin_ws/build/CMakeFiles/CMakeTmp'
/usr/bin/make -f CMakeFiles/cmTC_8a2df.dir/build.make CMakeFiles/cmTC_8a2df.dir/build
make[2]: Entering directory '/home/om/catkin_ws/build/CMakeFiles/CMakeTmp'
Building CXX object CMakeFiles/cmTC_8a2df.dir/CheckIncludeFile.cxx.o
/usr/bin/c++     -o CMakeFiles/cmTC_8a2df.dir/CheckIncludeFile.cxx.o -c /home/om/catkin_ws/build/CMakeFiles/CMakeTmp/CheckIncludeFile.cxx
/home/om/catkin_ws/build/CMakeFiles/CMakeTmp/CheckIncludeFile.cxx:1:10: fatal error: pgm.h: No such file or directory
 #include <pgm.h>
          ^~~~~~~
compilation terminated.
CMakeFiles/cmTC_8a2df.dir/build.make:65: recipe for target 'CMakeFiles/cmTC_8a2df.dir/CheckIncludeFile.cxx.o' failed
make[2]: *** [CMakeFiles/cmTC_8a2df.dir/CheckIncludeFile.cxx.o] Error 1
make[2]: Leaving directory '/home/om/catkin_ws/build/CMakeFiles/CMakeTmp'
Makefile:126: recipe for target 'cmTC_8a2df/fast' failed
make[1]: *** [cmTC_8a2df/fast] Error 2
make[1]: Leaving directory '/home/om/catkin_ws/build/CMakeFiles/CMakeTmp'


